Arguments: 
  /usr/bin/node /usr/bin/yarn add express cors morgan

PATH: 
  /home/renan/.local/bin:/usr/local/sbin:/usr/local/bin:/usr/sbin:/usr/bin:/sbin:/bin:/usr/games:/usr/local/games:/snap/bin

Yarn version: 
  1.22.4

Node version: 
  12.16.2

Platform: 
  linux x64

Trace: 
  Error: getaddrinfo EAI_AGAIN registry.yarnpkg.com
      at GetAddrInfoReqWrap.onlookup [as oncomplete] (dns.js:64:26)

npm manifest: 
  {
    "name": "node-forfun",
    "version": "1.0.0",
    "main": "index.js",
    "repository": "git@github.com:renanzulian/node-forfun.git",
    "author": "Renan Zulian <renanzulian@gmail.com>",
    "license": "MIT"
  }

yarn manifest: 
  No manifest

Lockfile: 
  No lockfile
